{"timestamp": "2026-05-29T00:04:38.616731+00:00", "logger": "smartEdge", "level": "INFO", "thread": "MainThread", "module": "object_detection", "function": "<module>", "line": 27, "message": "Starting object detection with level: DEBUG"}
{"timestamp": "2026-05-29T00:04:38.617012+00:00", "logger": "smartEdge", "level": "DEBUG", "thread": "MainThread", "module": "object_detection", "function": "<module>", "line": 28, "message": "Debug logging is enabled"}
{"timestamp": "2026-05-29T00:04:39.409216+00:00", "logger": "smartEdge", "level": "INFO", "thread": "MainThread", "module": "webcam", "function": "read_frame", "line": 43, "message": "Captured frame saved as 'captured_frame.jpg'"}
{"timestamp": "2026-05-29T00:04:39.409435+00:00", "logger": "smartEdge", "level": "DEBUG", "thread": "MainThread", "module": "webcam", "function": "read_frame", "line": 44, "message": "Captured frame saved as 'captured_frame.jpg'"}
{"timestamp": "2026-05-29T00:04:43.910714+00:00", "logger": "smartEdge", "level": "DEBUG", "thread": "MainThread", "module": "webcam", "function": "draw_detections", "line": 77, "message": "Detection: 16: 0.29 at [140, 366, 291, 536]"}
{"timestamp": "2026-05-29T00:04:43.977427+00:00", "logger": "smartEdge", "level": "DEBUG", "thread": "MainThread", "module": "webcam", "function": "draw_detections", "line": 77, "message": "Detection: 16: 0.68 at [207, 268, 446, 537]"}
{"timestamp": "2026-05-29T00:04:44.036216+00:00", "logger": "smartEdge", "level": "DEBUG", "thread": "MainThread", "module": "webcam", "function": "draw_detections", "line": 77, "message": "Detection: 16: 0.53 at [263, 210, 448, 534]"}
{"timestamp": "2026-05-29T00:04:44.108114+00:00", "logger": "smartEdge", "level": "DEBUG", "thread": "MainThread", "module": "webcam", "function": "draw_detections", "line": 77, "message": "Detection: 16: 0.84 at [285, 166, 564, 473]"}
{"timestamp": "2026-05-29T00:04:44.175531+00:00", "logger": "smartEdge", "level": "DEBUG", "thread": "MainThread", "module": "webcam", "function": "draw_detections", "line": 77, "message": "Detection: 16: 0.74 at [302, 140, 556, 452]"}
{"timestamp": "2026-05-29T00:04:44.240492+00:00", "logger": "smartEdge", "level": "DEBUG", "thread": "MainThread", "module": "webcam", "function": "draw_detections", "line": 77, "message": "Detection: 16: 0.94 at [295, 133, 525, 446]"}
{"timestamp": "2026-05-29T00:04:44.304661+00:00", "logger": "smartEdge", "level": "DEBUG", "thread": "MainThread", "module": "webcam", "function": "draw_detections", "line": 77, "message": "Detection: 16: 0.95 at [298, 137, 527, 452]"}
{"timestamp": "2026-05-29T00:04:44.373515+00:00", "logger": "smartEdge", "level": "DEBUG", "thread": "MainThread", "module": "webcam", "function": "draw_detections", "line": 77, "message": "Detection: 16: 0.95 at [294, 141, 525, 455]"}
{"timestamp": "2026-05-29T00:04:44.441932+00:00", "logger": "smartEdge", "level": "DEBUG", "thread": "MainThread", "module": "webcam", "function": "draw_detections", "line": 77, "message": "Detection: 16: 0.95 at [296, 144, 526, 458]"}
{"timestamp": "2026-05-29T00:04:44.517455+00:00", "logger": "smartEdge", "level": "DEBUG", "thread": "MainThread", "module": "webcam", "function": "draw_detections", "line": 77, "message": "Detection: 16: 0.94 at [294, 154, 522, 470]"}
{"timestamp": "2026-05-29T00:04:44.588002+00:00", "logger": "smartEdge", "level": "DEBUG", "thread": "MainThread", "module": "webcam", "function": "draw_detections", "line": 77, "message": "Detection: 16: 0.96 at [295, 158, 522, 476]"}
{"timestamp": "2026-05-29T00:04:44.658624+00:00", "logger": "smartEdge", "level": "DEBUG", "thread": "MainThread", "module": "webcam", "function": "draw_detections", "line": 77, "message": "Detection: 16: 0.96 at [294, 163, 522, 482]"}
{"timestamp": "2026-05-29T00:04:44.725151+00:00", "logger": "smartEdge", "level": "DEBUG", "thread": "MainThread", "module": "webcam", "function": "draw_detections", "line": 77, "message": "Detection: 16: 0.96 at [295, 167, 523, 484]"}
{"timestamp": "2026-05-29T00:04:44.791345+00:00", "logger": "smartEdge", "level": "DEBUG", "thread": "MainThread", "module": "webcam", "function": "draw_detections", "line": 77, "message": "Detection: 16: 0.95 at [294, 172, 524, 488]"}
{"timestamp": "2026-05-29T00:04:44.856209+00:00", "logger": "smartEdge", "level": "DEBUG", "thread": "MainThread", "module": "webcam", "function": "draw_detections", "line": 77, "message": "Detection: 16: 0.95 at [293, 172, 522, 486]"}
{"timestamp": "2026-05-29T00:04:44.917816+00:00", "logger": "smartEdge", "level": "DEBUG", "thread": "MainThread", "module": "webcam", "function": "draw_detections", "line": 77, "message": "Detection: 16: 0.95 at [292, 178, 521, 493]"}
{"timestamp": "2026-05-29T00:04:44.986108+00:00", "logger": "smartEdge", "level": "DEBUG", "thread": "MainThread", "module": "webcam", "function": "draw_detections", "line": 77, "message": "Detection: 16: 0.95 at [292, 176, 520, 491]"}
{"timestamp": "2026-05-29T00:04:45.052710+00:00", "logger": "smartEdge", "level": "DEBUG", "thread": "MainThread", "module": "webcam", "function": "draw_detections", "line": 77, "message": "Detection: 16: 0.87 at [291, 180, 522, 497]"}
{"timestamp": "2026-05-29T00:04:45.118923+00:00", "logger": "smartEdge", "level": "DEBUG", "thread": "MainThread", "module": "webcam", "function": "draw_detections", "line": 77, "message": "Detection: 16: 0.86 at [291, 181, 522, 500]"}
{"timestamp": "2026-05-29T00:04:45.183108+00:00", "logger": "smartEdge", "level": "DEBUG", "thread": "MainThread", "module": "webcam", "function": "draw_detections", "line": 77, "message": "Detection: 16: 0.94 at [289, 184, 518, 503]"}
{"timestamp": "2026-05-29T00:04:45.248124+00:00", "logger": "smartEdge", "level": "DEBUG", "thread": "MainThread", "module": "webcam", "function": "draw_detections", "line": 77, "message": "Detection: 16: 0.92 at [288, 183, 519, 503]"}
{"timestamp": "2026-05-29T00:04:45.316269+00:00", "logger": "smartEdge", "level": "DEBUG", "thread": "MainThread", "module": "webcam", "function": "draw_detections", "line": 77, "message": "Detection: 16: 0.92 at [292, 184, 519, 504]"}
{"timestamp": "2026-05-29T00:04:45.379791+00:00", "logger": "smartEdge", "level": "DEBUG", "thread": "MainThread", "module": "webcam", "function": "draw_detections", "line": 77, "message": "Detection: 16: 0.93 at [292, 185, 521, 505]"}
{"timestamp": "2026-05-29T00:04:45.444547+00:00", "logger": "smartEdge", "level": "DEBUG", "thread": "MainThread", "module": "webcam", "function": "draw_detections", "line": 77, "message": "Detection: 16: 0.87 at [292, 183, 522, 503]"}
{"timestamp": "2026-05-29T00:04:45.514405+00:00", "logger": "smartEdge", "level": "DEBUG", "thread": "MainThread", "module": "webcam", "function": "draw_detections", "line": 77, "message": "Detection: 16: 0.84 at [292, 187, 526, 504]"}
{"timestamp": "2026-05-29T00:04:45.583260+00:00", "logger": "smartEdge", "level": "DEBUG", "thread": "MainThread", "module": "webcam", "function": "draw_detections", "line": 77, "message": "Detection: 16: 0.90 at [290, 187, 521, 511]"}
{"timestamp": "2026-05-29T00:04:45.656219+00:00", "logger": "smartEdge", "level": "DEBUG", "thread": "MainThread", "module": "webcam", "function": "draw_detections", "line": 77, "message": "Detection: 16: 0.85 at [287, 191, 518, 516]"}
{"timestamp": "2026-05-29T00:04:45.730104+00:00", "logger": "smartEdge", "level": "DEBUG", "thread": "MainThread", "module": "webcam", "function": "draw_detections", "line": 77, "message": "Detection: 16: 0.96 at [282, 196, 515, 521]"}
{"timestamp": "2026-05-29T00:04:45.794556+00:00", "logger": "smartEdge", "level": "DEBUG", "thread": "MainThread", "module": "webcam", "function": "draw_detections", "line": 77, "message": "Detection: 16: 0.94 at [284, 197, 516, 523]"}
{"timestamp": "2026-05-29T00:04:45.862291+00:00", "logger": "smartEdge", "level": "DEBUG", "thread": "MainThread", "module": "webcam", "function": "draw_detections", "line": 77, "message": "Detection: 16: 0.96 at [287, 199, 517, 524]"}
{"timestamp": "2026-05-29T00:04:45.927680+00:00", "logger": "smartEdge", "level": "DEBUG", "thread": "MainThread", "module": "webcam", "function": "draw_detections", "line": 77, "message": "Detection: 16: 0.91 at [284, 214, 514, 534]"}
{"timestamp": "2026-05-29T00:04:45.991877+00:00", "logger": "smartEdge", "level": "DEBUG", "thread": "MainThread", "module": "webcam", "function": "draw_detections", "line": 77, "message": "Detection: 16: 0.47 at [273, 283, 435, 538]"}
